<?xml version="1.0" encoding="UTF-8"?>
<!-- Generated by org.testng.reporters.JUnitReportReporter -->
<testsuite hostname="sa-PC" failures="0" tests="4" name="com.crm.qa.testcases.ContactsPageTest" time="70.276" errors="0" timestamp="2021-01-18T19:52:00 IST" skipped="1">
  <testcase classname="com.crm.qa.testcases.ContactsPageTest" name="verifyConactsPageLabel" time="22.900"/>
  <system-out/>
  <testcase classname="com.crm.qa.testcases.ContactsPageTest" name="selectSingleContactsTest" time="24.163"/>
  <system-out/>
  <testcase classname="com.crm.qa.testcases.ContactsPageTest" name="selectMultipleContactsTest" time="23.213"/>
  <system-out/>
  <testcase classname="com.crm.qa.testcases.ContactsPageTest" name="validateCreateNewContact" time="0.000">
    <skipped/>
  </testcase> <!-- validateCreateNewContact -->
  <system-out/>
</testsuite> <!-- com.crm.qa.testcases.ContactsPageTest -->
